-------------------------------------------------------------------------------
Test set: com.csye6225.assignment3.Assignment3ApplicationTests
-------------------------------------------------------------------------------
Tests run: 1, Failures: 0, Errors: 1, Skipped: 0, Time elapsed: 2.422 s <<< FAILURE! - in com.csye6225.assignment3.Assignment3ApplicationTests
createAccount  Time elapsed: 0.001 s  <<< ERROR!
java.lang.IllegalStateException: Failed to load ApplicationContext
Caused by: org.springframework.beans.factory.UnsatisfiedDependencyException: Error creating bean with name 'fileController': Unsatisfied dependency expressed through field 's3ImageService'; nested exception is org.springframework.beans.factory.BeanCreationException: Error creating bean with name 'amazonS3ImageService' defined in file [/Users/ricardo/Desktop/csye6225_assignment/target/classes/com/csye6225/assignment3/service/AmazonS3ImageService.class]: Bean instantiation via constructor failed; nested exception is org.springframework.beans.BeanInstantiationException: Failed to instantiate [com.csye6225.assignment3.service.AmazonS3ImageService]: Constructor threw exception; nested exception is java.io.FileNotFoundException: /etc/environment (No such file or directory)
Caused by: org.springframework.beans.factory.BeanCreationException: Error creating bean with name 'amazonS3ImageService' defined in file [/Users/ricardo/Desktop/csye6225_assignment/target/classes/com/csye6225/assignment3/service/AmazonS3ImageService.class]: Bean instantiation via constructor failed; nested exception is org.springframework.beans.BeanInstantiationException: Failed to instantiate [com.csye6225.assignment3.service.AmazonS3ImageService]: Constructor threw exception; nested exception is java.io.FileNotFoundException: /etc/environment (No such file or directory)
Caused by: org.springframework.beans.BeanInstantiationException: Failed to instantiate [com.csye6225.assignment3.service.AmazonS3ImageService]: Constructor threw exception; nested exception is java.io.FileNotFoundException: /etc/environment (No such file or directory)
Caused by: java.io.FileNotFoundException: /etc/environment (No such file or directory)

